<?xml version="1.0" encoding="UTF-8"?>
<!-- Generated by org.testng.reporters.JUnitXMLReporter -->
<testsuite ignored="0" hostname="DESKTOP-FD9S5HP" failures="0" tests="3" name="Test" time="2.604" errors="0" timestamp="2021-10-06T09:53:18 IST">
  <testcase classname="GooglePageTest.LoginGmailCrossBrowser" name="@BeforeTest OpenBrowser" time="2.479">
    <failure type="io.github.bonigarcia.wdm.config.WebDriverManagerException" message="io.github.bonigarcia.wdm.config.WebDriverManagerException: java.net.UnknownHostException: chromedriver.storage.googleapis.com">
      <![CDATA[io.github.bonigarcia.wdm.config.WebDriverManagerException: io.github.bonigarcia.wdm.config.WebDriverManagerException: java.net.UnknownHostException: chromedriver.storage.googleapis.com
at io.github.bonigarcia.wdm.WebDriverManager.handleException(WebDriverManager.java:777)
at io.github.bonigarcia.wdm.WebDriverManager.manage(WebDriverManager.java:574)
at io.github.bonigarcia.wdm.WebDriverManager.fallback(WebDriverManager.java:793)
at io.github.bonigarcia.wdm.WebDriverManager.handleException(WebDriverManager.java:774)
at io.github.bonigarcia.wdm.WebDriverManager.manage(WebDriverManager.java:574)
at io.github.bonigarcia.wdm.WebDriverManager.handleException(WebDriverManager.java:767)
at io.github.bonigarcia.wdm.WebDriverManager.manage(WebDriverManager.java:574)
at io.github.bonigarcia.wdm.WebDriverManager.setup(WebDriverManager.java:288)
at GooglePageTest.LoginGmailCrossBrowser.OpenBrowser(LoginGmailCrossBrowser.java:25)
Caused by: io.github.bonigarcia.wdm.config.WebDriverManagerException: java.net.UnknownHostException: chromedriver.storage.googleapis.com
at io.github.bonigarcia.wdm.WebDriverManager.getDriversFromXml(WebDriverManager.java:916)
at io.github.bonigarcia.wdm.managers.ChromeDriverManager.getDriverUrls(ChromeDriverManager.java:100)
at io.github.bonigarcia.wdm.WebDriverManager.createUrlHandler(WebDriverManager.java:798)
at io.github.bonigarcia.wdm.WebDriverManager.download(WebDriverManager.java:650)
at io.github.bonigarcia.wdm.WebDriverManager.manage(WebDriverManager.java:568)
... 31 more
Caused by: java.net.UnknownHostException: chromedriver.storage.googleapis.com
at java.base/java.net.InetAddress$CachedAddresses.get(InetAddress.java:800)
at java.base/java.net.InetAddress.getAllByName0(InetAddress.java:1507)
at java.base/java.net.InetAddress.getAllByName(InetAddress.java:1366)
at java.base/java.net.InetAddress.getAllByName(InetAddress.java:1300)
at org.apache.hc.client5.http.SystemDefaultDnsResolver.resolve(SystemDefaultDnsResolver.java:43)
at org.apache.hc.client5.http.impl.io.DefaultHttpClientConnectionOperator.connect(DefaultHttpClientConnectionOperator.java:118)
at org.apache.hc.client5.http.impl.io.PoolingHttpClientConnectionManager.connect(PoolingHttpClientConnectionManager.java:409)
at org.apache.hc.client5.http.impl.classic.InternalExecRuntime.connectEndpoint(InternalExecRuntime.java:164)
at org.apache.hc.client5.http.impl.classic.InternalExecRuntime.connectEndpoint(InternalExecRuntime.java:174)
at org.apache.hc.client5.http.impl.classic.ConnectExec.execute(ConnectExec.java:135)
at org.apache.hc.client5.http.impl.classic.ExecChainElement.execute(ExecChainElement.java:51)
at org.apache.hc.client5.http.impl.classic.ExecChainElement$1.proceed(ExecChainElement.java:57)
at org.apache.hc.client5.http.impl.classic.ProtocolExec.execute(ProtocolExec.java:172)
at org.apache.hc.client5.http.impl.classic.ExecChainElement.execute(ExecChainElement.java:51)
at org.apache.hc.client5.http.impl.classic.ExecChainElement$1.proceed(ExecChainElement.java:57)
at org.apache.hc.client5.http.impl.classic.HttpRequestRetryExec.execute(HttpRequestRetryExec.java:93)
at org.apache.hc.client5.http.impl.classic.ExecChainElement.execute(ExecChainElement.java:51)
at org.apache.hc.client5.http.impl.classic.ExecChainElement$1.proceed(ExecChainElement.java:57)
at org.apache.hc.client5.http.impl.classic.ContentCompressionExec.execute(ContentCompressionExec.java:128)
at org.apache.hc.client5.http.impl.classic.ExecChainElement.execute(ExecChainElement.java:51)
at org.apache.hc.client5.http.impl.classic.ExecChainElement$1.proceed(ExecChainElement.java:57)
at org.apache.hc.client5.http.impl.classic.RedirectExec.execute(RedirectExec.java:116)
at org.apache.hc.client5.http.impl.classic.ExecChainElement.execute(ExecChainElement.java:51)
at org.apache.hc.client5.http.impl.classic.InternalHttpClient.doExecute(InternalHttpClient.java:178)
at org.apache.hc.client5.http.impl.classic.CloseableHttpClient.execute(CloseableHttpClient.java:75)
at org.apache.hc.client5.http.impl.classic.CloseableHttpClient.execute(CloseableHttpClient.java:89)
at io.github.bonigarcia.wdm.online.HttpClient.execute(HttpClient.java:139)
at io.github.bonigarcia.wdm.WebDriverManager.getDriversFromXml(WebDriverManager.java:901)
... 35 more
... Removed 24 stack frames]]>
    </failure>
  </testcase> <!-- @BeforeTest OpenBrowser -->
  <testcase classname="GooglePageTest.LoginGmailCrossBrowser" name="@AfterMethod TearDown" time="-1.63349419886E9">
    <skipped/>
  </testcase> <!-- @AfterMethod TearDown -->
  <testcase classname="GooglePageTest.LoginGmailCrossBrowser" name="@AfterMethod TearDown" time="-1.633494198862E9">
    <skipped/>
  </testcase> <!-- @AfterMethod TearDown -->
  <testcase classname="GooglePageTest.LoginGmailCrossBrowser" name="@AfterMethod TearDown" time="-1.633494198864E9">
    <skipped/>
  </testcase> <!-- @AfterMethod TearDown -->
  <testcase classname="GooglePageTest.LoginGmailCrossBrowser" name="Login" time="0.001">
    <skipped/>
  </testcase> <!-- Login -->
  <testcase classname="GooglePageTest.LoginGmailCrossBrowser" name="PrintAllSuggestions" time="0.0">
    <skipped/>
  </testcase> <!-- PrintAllSuggestions -->
  <testcase classname="GooglePageTest.LoginGmailCrossBrowser" name="ClickResult" time="0.0">
    <skipped/>
  </testcase> <!-- ClickResult -->
</testsuite> <!-- Test -->
